<?xml version="1.0" encoding="UTF-8"?>
<!-- Generated by org.testng.reporters.JUnitReportReporter -->
<testsuite ignored="0" hostname="Krishnas-Air" failures="0" tests="2" name="test.B$A" time="0.005" errors="0" timestamp="22 Aug 2022 13:04:18 GMT" skipped="0">
  <testcase classname="test.B$A" name="test3" time="0.002"/>
  <testcase classname="test.B$A" name="test4" time="0.003"/>
</testsuite> <!-- test.B$A -->
