<?xml version="1.0" encoding="UTF-8"?>
<!-- Generated by org.testng.reporters.JUnitReportReporter -->
<testsuite ignored="0" hostname="Krishnas-Air" failures="0" tests="2" name="test_Naveen.TestNG_Basics" time="0.002" errors="0" timestamp="22 Aug 2022 13:04:18 GMT" skipped="0">
  <testcase classname="test_Naveen.TestNG_Basics" name="fbTittleTest" time="0.002"/>
  <testcase classname="test_Naveen.TestNG_Basics" name="googleTittleTest" time="0.000"/>
</testsuite> <!-- test_Naveen.TestNG_Basics -->
