<?xml version="1.0" encoding="UTF-8"?>
<!-- Generated by org.testng.reporters.JUnitReportReporter -->
<testsuite ignored="0" hostname="Krishnas-MacBook-Air.local" failures="0" tests="3" name="test.Perametrization_Test1" time="42.407" errors="0" timestamp="15 Aug 2022 19:10:51 GMT" skipped="0">
  <testcase classname="test.Perametrization_Test1" name="fbtitiletest" time="14.428"/>
  <testcase classname="test.Perametrization_Test1" name="fbtitiletest" time="14.466"/>
  <testcase classname="test.Perametrization_Test1" name="fbtitiletest" time="13.513"/>
</testsuite> <!-- test.Perametrization_Test1 -->
