<?xml version="1.0" encoding="UTF-8"?>
<!-- Generated by org.testng.reporters.JUnitReportReporter -->
<testsuite ignored="0" hostname="Krishnas-Air" failures="0" tests="2" name="test.C" time="0.006" errors="0" timestamp="22 Aug 2022 13:04:18 GMT" skipped="0">
  <testcase classname="test.C" name="test5" time="0.001"/>
  <testcase classname="test.C" name="test4" time="0.005"/>
</testsuite> <!-- test.C -->
