<?xml version="1.0" encoding="UTF-8"?>
<!-- Generated by org.testng.reporters.JUnitReportReporter -->
<testsuite ignored="0" hostname="Krishnas-Air" failures="0" tests="2" name="test.FbTitileTest" time="14.224" errors="0" timestamp="12 Aug 2022 15:46:15 GMT" skipped="0">
  <testcase classname="test.FbTitileTest" name="googletitiletest" time="8.039"/>
  <testcase classname="test.FbTitileTest" name="fbtitiletest" time="6.185"/>
</testsuite> <!-- test.FbTitileTest -->
