<?xml version="1.0" encoding="UTF-8"?>
<!-- Generated by org.testng.reporters.JUnitReportReporter -->
<testsuite ignored="0" hostname="Krishnas-Air" failures="0" tests="2" name="test.A" time="0.007" errors="0" timestamp="22 Aug 2022 13:04:18 GMT" skipped="0">
  <testcase classname="test.A" name="test2" time="0.002"/>
  <testcase classname="test.A" name="test1" time="0.005"/>
</testsuite> <!-- test.A -->
