<?xml version="1.0" encoding="UTF-8"?>
<!-- Generated by org.testng.reporters.JUnitReportReporter -->
<testsuite ignored="0" hostname="Krishnas-MacBook-Air.local" failures="0" tests="3" name="test.Perameterization_Testing" time="5.048" errors="0" timestamp="15 Aug 2022 18:43:05 GMT" skipped="0">
  <testcase classname="test.Perameterization_Testing" name="testFB" time="0.565"/>
  <testcase classname="test.Perameterization_Testing" name="testFB" time="4.265"/>
  <testcase classname="test.Perameterization_Testing" name="testFB" time="0.218"/>
</testsuite> <!-- test.Perameterization_Testing -->
