<?xml version="1.0" encoding="UTF-8"?>
<!-- Generated by org.testng.reporters.JUnitReportReporter -->
<testsuite ignored="0" hostname="Krishnas-Air" failures="0" tests="3" name="test.Perametrization_Test" time="42.455" errors="0" timestamp="15 Aug 2022 14:03:50 GMT" skipped="0">
  <testcase classname="test.Perametrization_Test" name="fbtitiletest" time="12.969"/>
  <testcase classname="test.Perametrization_Test" name="fbtitiletest" time="16.232"/>
  <testcase classname="test.Perametrization_Test" name="fbtitiletest" time="13.254"/>
</testsuite> <!-- test.Perametrization_Test -->
